<?xml version="1.0" encoding="UTF-8"?>
<!-- Generated by org.testng.reporters.JUnitReportReporter -->
<testsuite hostname="DESKTOP-KOLQBJD" failures="0" tests="3" name="pkg1.Orangehrm" time="8.198" errors="0" timestamp="2025-10-28T09:43:46 IST" skipped="0">
  <testcase classname="pkg1.Orangehrm" name="openurl" time="5.944"/>
  <testcase classname="pkg1.Orangehrm" name="enteridNpass" time="0.643"/>
  <testcase classname="pkg1.Orangehrm" name="submit" time="1.611"/>
</testsuite> <!-- pkg1.Orangehrm -->
