<?xml version="1.0" encoding="UTF-8"?>
<!-- Generated by org.testng.reporters.JUnitReportReporter -->
<testsuite hostname="DESKTOP-KOLQBJD" failures="0" tests="3" name="pkg1.Orangehrm" time="37.255" errors="0" timestamp="2025-10-28T12:39:14 IST" skipped="0">
  <testcase classname="pkg1.Orangehrm" name="openurl" time="14.516"/>
  <testcase classname="pkg1.Orangehrm" name="enteridNpass" time="5.944"/>
  <testcase classname="pkg1.Orangehrm" name="submit" time="16.795"/>
</testsuite> <!-- pkg1.Orangehrm -->
